0 info it worked if it ends with ok
1 verbose cli [ 'C:\\Program Files (x86)\\Microsoft Visual Studio 14.0\\Web\\External\\node.exe',
1 verbose cli   'C:\\Program Files (x86)\\Microsoft Visual Studio 14.0\\Web\\External\\node_modules\\npm\\bin\\npm-cli.js',
1 verbose cli   'start',
1 verbose cli   'app.js' ]
2 info using npm@3.3.4
3 info using node@v5.4.1
4 verbose run-script [ 'prestart', 'start', 'poststart' ]
5 info lifecycle fabrikam-node-api@0.0.1~prestart: fabrikam-node-api@0.0.1
6 silly lifecycle fabrikam-node-api@0.0.1~prestart: no script for prestart, continuing
7 info lifecycle fabrikam-node-api@0.0.1~start: fabrikam-node-api@0.0.1
8 verbose lifecycle fabrikam-node-api@0.0.1~start: unsafe-perm in lifecycle true
9 verbose lifecycle fabrikam-node-api@0.0.1~start: PATH: C:\Program Files (x86)\Microsoft Visual Studio 14.0\Web\External\node_modules\npm\bin\node-gyp-bin;C:\Users\atulmal\Source\Repos\ScottGu\fabrikam-node-api\node_modules\.bin;C:\Program Files\ConEmuPack.160904\ConEmu\Scripts;C:\Program Files\ConEmuPack.160904\ConEmu;C:\Program Files\Docker\Docker\Resources\bin;C:\Python27\;C:\Python27\Scripts;C:\Program Files\Common Files\Microsoft Shared\Microsoft Online Services;C:\Program Files (x86)\Common Files\Microsoft Shared\Microsoft Online Services;C:\WINDOWS\system32;C:\WINDOWS;C:\WINDOWS\System32\Wbem;C:\WINDOWS\System32\WindowsPowerShell\v1.0\;C:\Program Files (x86)\Skype\Phone\;C:\Program Files\Microsoft SQL Server\120\Tools\Binn\;C:\Program Files\Microsoft SQL Server\130\Tools\Binn\;C:\Program Files (x86)\Windows Kits\10\Windows Performance Toolkit\;C:\Program Files (x86)\Microsoft Emulator Manager\1.0\;C:\Program Files\ConEmuPack.160904;C:\Program Files\ZoomIt;C:\Program Files\Microsoft\Web Platform Installer\;C:\Program Files (x86)\Microsoft SDKs\Azure\CLI\wbin;C:\Program Files (x86)\Microsoft Visual Studio 14.0\Web\External;C:\Program Files\Microsoft Service Fabric\bin\Fabric\Fabric.Code;C:\Program Files\Microsoft SDKs\Service Fabric\Tools\ServiceFabricLocalClusterManager;C:\Users\atulmal\AppData\Roaming\Python\Scripts;C:\PHP\php-7.1.1-nts-Win32-VC14-x64;C:\ProgramData\ComposerSetup\bin;C:\Users\atulmal\.kube;C:\Program Files\dotnet\;C:\Program Files (x86)\nodejs\;C:\Program Files\Git\cmd;C:\Users\atulmal\AppData\Local\Programs\Python\Python35-32\Scripts\;C:\Users\atulmal\AppData\Local\Programs\Python\Python35-32\;C:\Users\atulmal\AppData\Local\Microsoft\WindowsApps;C:\Program Files (x86)\Microsoft VS Code\bin;C:\Users\atulmal\AppData\Roaming\Composer\vendor\bin;C:\Users\atulmal\Google Drive\Tools;C:\Users\atulmal\AppData\Roaming\npm
10 verbose lifecycle fabrikam-node-api@0.0.1~start: CWD: C:\Users\atulmal\Source\Repos\ScottGu\fabrikam-node-api
11 silly lifecycle fabrikam-node-api@0.0.1~start: Args: [ '/d /s /c', 'node ./bin/www "app.js"' ]
12 silly lifecycle fabrikam-node-api@0.0.1~start: Returned: code: 1  signal: null
13 info lifecycle fabrikam-node-api@0.0.1~start: Failed to exec start script
14 verbose stack Error: fabrikam-node-api@0.0.1 start: `node ./bin/www "app.js"`
14 verbose stack Exit status 1
14 verbose stack     at EventEmitter.<anonymous> (C:\Program Files (x86)\Microsoft Visual Studio 14.0\Web\External\node_modules\npm\lib\utils\lifecycle.js:233:16)
14 verbose stack     at emitTwo (events.js:87:13)
14 verbose stack     at EventEmitter.emit (events.js:172:7)
14 verbose stack     at ChildProcess.<anonymous> (C:\Program Files (x86)\Microsoft Visual Studio 14.0\Web\External\node_modules\npm\lib\utils\spawn.js:24:14)
14 verbose stack     at emitTwo (events.js:87:13)
14 verbose stack     at ChildProcess.emit (events.js:172:7)
14 verbose stack     at maybeClose (internal/child_process.js:821:16)
14 verbose stack     at Process.ChildProcess._handle.onexit (internal/child_process.js:211:5)
15 verbose pkgid fabrikam-node-api@0.0.1
16 verbose cwd C:\Users\atulmal\Source\Repos\ScottGu\fabrikam-node-api
17 error Windows_NT 10.0.15063
18 error argv "C:\\Program Files (x86)\\Microsoft Visual Studio 14.0\\Web\\External\\node.exe" "C:\\Program Files (x86)\\Microsoft Visual Studio 14.0\\Web\\External\\node_modules\\npm\\bin\\npm-cli.js" "start" "app.js"
19 error node v5.4.1
20 error npm  v3.3.4
21 error code ELIFECYCLE
22 error fabrikam-node-api@0.0.1 start: `node ./bin/www "app.js"`
22 error Exit status 1
23 error Failed at the fabrikam-node-api@0.0.1 start script 'node ./bin/www "app.js"'.
23 error This is most likely a problem with the fabrikam-node-api package,
23 error not with npm itself.
23 error Tell the author that this fails on your system:
23 error     node ./bin/www "app.js"
23 error You can get their info via:
23 error     npm owner ls fabrikam-node-api
23 error There is likely additional logging output above.
24 verbose exit [ 1, true ]
